# JRE version: Java(TM) SE Runtime Environment (8.0_121-b13) (build 1.8.0_121-b13)
# Java VM: Java HotSpot(TM) 64-Bit Server VM (25.121-b13 mixed mode windows-amd64 compressed oops)
Heap:
 PSYoungGen      total 262656K, used 7673K [0x00000000eab00000, 0x0000000100000000, 0x0000000100000000)
  eden space 177664K, 4% used [0x00000000eab00000,0x00000000eb27e6b0,0x00000000f5880000)
  from space 84992K, 0% used [0x00000000f5880000,0x00000000f5880000,0x00000000fab80000)
  to   space 84992K, 0% used [0x00000000fad00000,0x00000000fad00000,0x0000000100000000)
 ParOldGen       total 699392K, used 32372K [0x00000000c0000000, 0x00000000eab00000, 0x00000000eab00000)
  object space 699392K, 4% used [0x00000000c0000000,0x00000000c1f9d280,0x00000000eab00000)
 Metaspace       used 96820K, capacity 98752K, committed 99020K, reserved 1136640K
  class space    used 12265K, capacity 12703K, committed 12800K, reserved 1048576K
GC Heap History (10 events):
Event: 105.619 GC heap before
{Heap before GC invocations=17 (full 3):
 PSYoungGen      total 258560K, used 216151K [0x00000000eab00000, 0x0000000100000000, 0x0000000100000000)
  eden space 167936K, 100% used [0x00000000eab00000,0x00000000f4f00000,0x00000000f4f00000)
  from space 90624K, 53% used [0x00000000f4f00000,0x00000000f7e15e30,0x00000000fa780000)
  to   space 90112K, 0% used [0x00000000fa800000,0x00000000fa800000,0x0000000100000000)
 ParOldGen       total 699392K, used 47362K [0x00000000c0000000, 0x00000000eab00000, 0x00000000eab00000)
  object space 699392K, 6% used [0x00000000c0000000,0x00000000c2e408a8,0x00000000eab00000)
 Metaspace       used 73858K, capacity 75314K, committed 75648K, reserved 1116160K
  class space    used 9213K, capacity 9587K, committed 9600K, reserved 1048576K
Event: 105.668 GC heap after
Heap after GC invocations=17 (full 3):
 PSYoungGen      total 257024K, used 52817K [0x00000000eab00000, 0x0000000100000000, 0x0000000100000000)
  eden space 166912K, 0% used [0x00000000eab00000,0x00000000eab00000,0x00000000f4e00000)
  from space 90112K, 58% used [0x00000000fa800000,0x00000000fdb94778,0x0000000100000000)
  to   space 91136K, 0% used [0x00000000f4e00000,0x00000000f4e00000,0x00000000fa700000)
 ParOldGen       total 699392K, used 49321K [0x00000000c0000000, 0x00000000eab00000, 0x00000000eab00000)
  object space 699392K, 7% used [0x00000000c0000000,0x00000000c302a500,0x00000000eab00000)
 Metaspace       used 73858K, capacity 75314K, committed 75648K, reserved 1116160K
  class space    used 9213K, capacity 9587K, committed 9600K, reserved 1048576K
}
Event: 107.014 GC heap before
{Heap before GC invocations=18 (full 3):
 PSYoungGen      total 257024K, used 219729K [0x00000000eab00000, 0x0000000100000000, 0x0000000100000000)
  eden space 166912K, 100% used [0x00000000eab00000,0x00000000f4e00000,0x00000000f4e00000)
  from space 90112K, 58% used [0x00000000fa800000,0x00000000fdb94778,0x0000000100000000)
  to   space 91136K, 0% used [0x00000000f4e00000,0x00000000f4e00000,0x00000000fa700000)
 ParOldGen       total 699392K, used 49327K [0x00000000c0000000, 0x00000000eab00000, 0x00000000eab00000)
  object space 699392K, 7% used [0x00000000c0000000,0x00000000c302bc40,0x00000000eab00000)
 Metaspace       used 79549K, capacity 81196K, committed 81536K, reserved 1120256K
  class space    used 9911K, capacity 10317K, committed 10368K, reserved 1048576K
Event: 107.049 GC heap after
Heap after GC invocations=18 (full 3):
 PSYoungGen      total 258048K, used 33969K [0x00000000eab00000, 0x0000000100000000, 0x0000000100000000)
  eden space 166912K, 0% used [0x00000000eab00000,0x00000000eab00000,0x00000000f4e00000)
  from space 91136K, 37% used [0x00000000f4e00000,0x00000000f6f2c620,0x00000000fa700000)
  to   space 86528K, 0% used [0x00000000fab80000,0x00000000fab80000,0x0000000100000000)
 ParOldGen       total 699392K, used 51634K [0x00000000c0000000, 0x00000000eab00000, 0x00000000eab00000)
  object space 699392K, 7% used [0x00000000c0000000,0x00000000c326c898,0x00000000eab00000)
 Metaspace       used 79549K, capacity 81196K, committed 81536K, reserved 1120256K
  class space    used 9911K, capacity 10317K, committed 10368K, reserved 1048576K
}
Event: 113.894 GC heap before
{Heap before GC invocations=19 (full 3):
 PSYoungGen      total 258048K, used 200881K [0x00000000eab00000, 0x0000000100000000, 0x0000000100000000)
  eden space 166912K, 100% used [0x00000000eab00000,0x00000000f4e00000,0x00000000f4e00000)
  from space 91136K, 37% used [0x00000000f4e00000,0x00000000f6f2c620,0x00000000fa700000)
  to   space 86528K, 0% used [0x00000000fab80000,0x00000000fab80000,0x0000000100000000)
 ParOldGen       total 699392K, used 51634K [0x00000000c0000000, 0x00000000eab00000, 0x00000000eab00000)
  object space 699392K, 7% used [0x00000000c0000000,0x00000000c326c898,0x00000000eab00000)
 Metaspace       used 92964K, capacity 94740K, committed 94976K, reserved 1132544K
  class space    used 11835K, capacity 12259K, committed 12288K, reserved 1048576K
Event: 113.908 GC heap after
Heap after GC invocations=19 (full 3):
 PSYoungGen      total 264192K, used 14784K [0x00000000eab00000, 0x0000000100000000, 0x0000000100000000)
  eden space 177664K, 0% used [0x00000000eab00000,0x00000000eab00000,0x00000000f5880000)
  from space 86528K, 17% used [0x00000000fab80000,0x00000000fb9f03a0,0x0000000100000000)
  to   space 84992K, 0% used [0x00000000f5880000,0x00000000f5880000,0x00000000fab80000)
 ParOldGen       total 699392K, used 54670K [0x00000000c0000000, 0x00000000eab00000, 0x00000000eab00000)
  object space 699392K, 7% used [0x00000000c0000000,0x00000000c3563b58,0x00000000eab00000)
 Metaspace       used 92964K, capacity 94740K, committed 94976K, reserved 1132544K
  class space    used 11835K, capacity 12259K, committed 12288K, reserved 1048576K
}
Event: 127.434 GC heap before
{Heap before GC invocations=20 (full 3):
 PSYoungGen      total 264192K, used 92763K [0x00000000eab00000, 0x0000000100000000, 0x0000000100000000)
  eden space 177664K, 43% used [0x00000000eab00000,0x00000000ef726b98,0x00000000f5880000)
  from space 86528K, 17% used [0x00000000fab80000,0x00000000fb9f03a0,0x0000000100000000)
  to   space 84992K, 0% used [0x00000000f5880000,0x00000000f5880000,0x00000000fab80000)
 ParOldGen       total 699392K, used 54670K [0x00000000c0000000, 0x00000000eab00000, 0x00000000eab00000)
  object space 699392K, 7% used [0x00000000c0000000,0x00000000c3563b58,0x00000000eab00000)
 Metaspace       used 96347K, capacity 98240K, committed 98380K, reserved 1134592K
  class space    used 12191K, capacity 12639K, committed 12672K, reserved 1048576K
Event: 127.442 GC heap after
Heap after GC invocations=20 (full 3):
 PSYoungGen      total 262656K, used 4606K [0x00000000eab00000, 0x0000000100000000, 0x0000000100000000)
  eden space 177664K, 0% used [0x00000000eab00000,0x00000000eab00000,0x00000000f5880000)
  from space 84992K, 5% used [0x00000000f5880000,0x00000000f5cff9f8,0x00000000fab80000)
  to   space 84992K, 0% used [0x00000000fad00000,0x00000000fad00000,0x0000000100000000)
 ParOldGen       total 699392K, used 57845K [0x00000000c0000000, 0x00000000eab00000, 0x00000000eab00000)
  object space 699392K, 8% used [0x00000000c0000000,0x00000000c387d4c8,0x00000000eab00000)
 Metaspace       used 96347K, capacity 98240K, committed 98380K, reserved 1134592K
  class space    used 12191K, capacity 12639K, committed 12672K, reserved 1048576K
}
Event: 127.443 GC heap before
{Heap before GC invocations=21 (full 4):
 PSYoungGen      total 262656K, used 4606K [0x00000000eab00000, 0x0000000100000000, 0x0000000100000000)
  eden space 177664K, 0% used [0x00000000eab00000,0x00000000eab00000,0x00000000f5880000)
  from space 84992K, 5% used [0x00000000f5880000,0x00000000f5cff9f8,0x00000000fab80000)
  to   space 84992K, 0% used [0x00000000fad00000,0x00000000fad00000,0x0000000100000000)
 ParOldGen       total 699392K, used 57845K [0x00000000c0000000, 0x00000000eab00000, 0x00000000eab00000)
  object space 699392K, 8% used [0x00000000c0000000,0x00000000c387d4c8,0x00000000eab00000)
 Metaspace       used 96347K, capacity 98240K, committed 98380K, reserved 1134592K
  class space    used 12191K, capacity 12639K, committed 12672K, reserved 1048576K
Event: 127.561 GC heap after
Heap after GC invocations=21 (full 4):
 PSYoungGen      total 262656K, used 0K [0x00000000eab00000, 0x0000000100000000, 0x0000000100000000)
  eden space 177664K, 0% used [0x00000000eab00000,0x00000000eab00000,0x00000000f5880000)
  from space 84992K, 0% used [0x00000000f5880000,0x00000000f5880000,0x00000000fab80000)
  to   space 84992K, 0% used [0x00000000fad00000,0x00000000fad00000,0x0000000100000000)
 ParOldGen       total 699392K, used 32372K [0x00000000c0000000, 0x00000000eab00000, 0x00000000eab00000)
  object space 699392K, 4% used [0x00000000c0000000,0x00000000c1f9d280,0x00000000eab00000)
 Metaspace       used 96347K, capacity 98240K, committed 98380K, reserved 1134592K
  class space    used 12191K, capacity 12639K, committed 12672K, reserved 1048576K
}

