# JRE version: Java(TM) SE Runtime Environment (8.0_121-b13) (build 1.8.0_121-b13)
# Java VM: Java HotSpot(TM) 64-Bit Server VM (25.121-b13 mixed mode windows-amd64 compressed oops)
Heap:
 PSYoungGen      total 252416K, used 78497K [0x00000000eab00000, 0x0000000100000000, 0x0000000100000000)
  eden space 155648K, 40% used [0x00000000eab00000,0x00000000ee8be9c0,0x00000000f4300000)
  from space 96768K, 15% used [0x00000000f4300000,0x00000000f51e9d20,0x00000000fa180000)
  to   space 95232K, 0% used [0x00000000fa300000,0x00000000fa300000,0x0000000100000000)
 ParOldGen       total 699392K, used 29366K [0x00000000c0000000, 0x00000000eab00000, 0x00000000eab00000)
  object space 699392K, 4% used [0x00000000c0000000,0x00000000c1cadbc0,0x00000000eab00000)
 Metaspace       used 51390K, capacity 52342K, committed 52736K, reserved 1095680K
  class space    used 6257K, capacity 6552K, committed 6656K, reserved 1048576K
GC Heap History (10 events):
Event: 9.481 GC heap before
{Heap before GC invocations=5 (full 0):
 PSYoungGen      total 305664K, used 88699K [0x00000000eab00000, 0x0000000100000000, 0x0000000100000000)
  eden space 262144K, 17% used [0x00000000eab00000,0x00000000ed722930,0x00000000fab00000)
  from space 43520K, 99% used [0x00000000fd580000,0x00000000ffffc418,0x0000000100000000)
  to   space 43520K, 0% used [0x00000000fab00000,0x00000000fab00000,0x00000000fd580000)
 ParOldGen       total 699392K, used 59082K [0x00000000c0000000, 0x00000000eab00000, 0x00000000eab00000)
  object space 699392K, 8% used [0x00000000c0000000,0x00000000c39b28a8,0x00000000eab00000)
 Metaspace       used 20602K, capacity 21048K, committed 21248K, reserved 1069056K
  class space    used 2304K, capacity 2455K, committed 2560K, reserved 1048576K
Event: 9.506 GC heap after
Heap after GC invocations=5 (full 0):
 PSYoungGen      total 288768K, used 26249K [0x00000000eab00000, 0x0000000100000000, 0x0000000100000000)
  eden space 262144K, 0% used [0x00000000eab00000,0x00000000eab00000,0x00000000fab00000)
  from space 26624K, 98% used [0x00000000fab00000,0x00000000fc4a2558,0x00000000fc500000)
  to   space 60416K, 0% used [0x00000000fc500000,0x00000000fc500000,0x0000000100000000)
 ParOldGen       total 699392K, used 59090K [0x00000000c0000000, 0x00000000eab00000, 0x00000000eab00000)
  object space 699392K, 8% used [0x00000000c0000000,0x00000000c39b48a8,0x00000000eab00000)
 Metaspace       used 20602K, capacity 21048K, committed 21248K, reserved 1069056K
  class space    used 2304K, capacity 2455K, committed 2560K, reserved 1048576K
}
Event: 9.506 GC heap before
{Heap before GC invocations=6 (full 1):
 PSYoungGen      total 288768K, used 26249K [0x00000000eab00000, 0x0000000100000000, 0x0000000100000000)
  eden space 262144K, 0% used [0x00000000eab00000,0x00000000eab00000,0x00000000fab00000)
  from space 26624K, 98% used [0x00000000fab00000,0x00000000fc4a2558,0x00000000fc500000)
  to   space 60416K, 0% used [0x00000000fc500000,0x00000000fc500000,0x0000000100000000)
 ParOldGen       total 699392K, used 59090K [0x00000000c0000000, 0x00000000eab00000, 0x00000000eab00000)
  object space 699392K, 8% used [0x00000000c0000000,0x00000000c39b48a8,0x00000000eab00000)
 Metaspace       used 20602K, capacity 21048K, committed 21248K, reserved 1069056K
  class space    used 2304K, capacity 2455K, committed 2560K, reserved 1048576K
Event: 9.594 GC heap after
Heap after GC invocations=6 (full 1):
 PSYoungGen      total 288768K, used 0K [0x00000000eab00000, 0x0000000100000000, 0x0000000100000000)
  eden space 262144K, 0% used [0x00000000eab00000,0x00000000eab00000,0x00000000fab00000)
  from space 26624K, 0% used [0x00000000fab00000,0x00000000fab00000,0x00000000fc500000)
  to   space 60416K, 0% used [0x00000000fc500000,0x00000000fc500000,0x0000000100000000)
 ParOldGen       total 699392K, used 25967K [0x00000000c0000000, 0x00000000eab00000, 0x00000000eab00000)
  object space 699392K, 3% used [0x00000000c0000000,0x00000000c195be28,0x00000000eab00000)
 Metaspace       used 20602K, capacity 21048K, committed 21248K, reserved 1069056K
  class space    used 2304K, capacity 2455K, committed 2560K, reserved 1048576K
}
Event: 11.448 GC heap before
{Heap before GC invocations=7 (full 1):
 PSYoungGen      total 288768K, used 148195K [0x00000000eab00000, 0x0000000100000000, 0x0000000100000000)
  eden space 262144K, 56% used [0x00000000eab00000,0x00000000f3bb8d90,0x00000000fab00000)
  from space 26624K, 0% used [0x00000000fab00000,0x00000000fab00000,0x00000000fc500000)
  to   space 60416K, 0% used [0x00000000fc500000,0x00000000fc500000,0x0000000100000000)
 ParOldGen       total 699392K, used 25967K [0x00000000c0000000, 0x00000000eab00000, 0x00000000eab00000)
  object space 699392K, 3% used [0x00000000c0000000,0x00000000c195be28,0x00000000eab00000)
 Metaspace       used 34477K, capacity 35200K, committed 35416K, reserved 1081344K
  class space    used 4007K, capacity 4264K, committed 4352K, reserved 1048576K
Event: 11.462 GC heap after
Heap after GC invocations=7 (full 1):
 PSYoungGen      total 216064K, used 12903K [0x00000000eab00000, 0x0000000100000000, 0x0000000100000000)
  eden space 155648K, 0% used [0x00000000eab00000,0x00000000eab00000,0x00000000f4300000)
  from space 60416K, 21% used [0x00000000fc500000,0x00000000fd199d00,0x0000000100000000)
  to   space 96768K, 0% used [0x00000000f4300000,0x00000000f4300000,0x00000000fa180000)
 ParOldGen       total 699392K, used 25983K [0x00000000c0000000, 0x00000000eab00000, 0x00000000eab00000)
  object space 699392K, 3% used [0x00000000c0000000,0x00000000c195fe28,0x00000000eab00000)
 Metaspace       used 34477K, capacity 35200K, committed 35416K, reserved 1081344K
  class space    used 4007K, capacity 4264K, committed 4352K, reserved 1048576K
}
Event: 11.462 GC heap before
{Heap before GC invocations=8 (full 2):
 PSYoungGen      total 216064K, used 12903K [0x00000000eab00000, 0x0000000100000000, 0x0000000100000000)
  eden space 155648K, 0% used [0x00000000eab00000,0x00000000eab00000,0x00000000f4300000)
  from space 60416K, 21% used [0x00000000fc500000,0x00000000fd199d00,0x0000000100000000)
  to   space 96768K, 0% used [0x00000000f4300000,0x00000000f4300000,0x00000000fa180000)
 ParOldGen       total 699392K, used 25983K [0x00000000c0000000, 0x00000000eab00000, 0x00000000eab00000)
  object space 699392K, 3% used [0x00000000c0000000,0x00000000c195fe28,0x00000000eab00000)
 Metaspace       used 34477K, capacity 35200K, committed 35416K, reserved 1081344K
  class space    used 4007K, capacity 4264K, committed 4352K, reserved 1048576K
Event: 11.524 GC heap after
Heap after GC invocations=8 (full 2):
 PSYoungGen      total 216064K, used 0K [0x00000000eab00000, 0x0000000100000000, 0x0000000100000000)
  eden space 155648K, 0% used [0x00000000eab00000,0x00000000eab00000,0x00000000f4300000)
  from space 60416K, 0% used [0x00000000fc500000,0x00000000fc500000,0x0000000100000000)
  to   space 96768K, 0% used [0x00000000f4300000,0x00000000f4300000,0x00000000fa180000)
 ParOldGen       total 699392K, used 29358K [0x00000000c0000000, 0x00000000eab00000, 0x00000000eab00000)
  object space 699392K, 4% used [0x00000000c0000000,0x00000000c1cabbc0,0x00000000eab00000)
 Metaspace       used 34477K, capacity 35200K, committed 35416K, reserved 1081344K
  class space    used 4007K, capacity 4264K, committed 4352K, reserved 1048576K
}
Event: 18.478 GC heap before
{Heap before GC invocations=9 (full 2):
 PSYoungGen      total 216064K, used 155648K [0x00000000eab00000, 0x0000000100000000, 0x0000000100000000)
  eden space 155648K, 100% used [0x00000000eab00000,0x00000000f4300000,0x00000000f4300000)
  from space 60416K, 0% used [0x00000000fc500000,0x00000000fc500000,0x0000000100000000)
  to   space 96768K, 0% used [0x00000000f4300000,0x00000000f4300000,0x00000000fa180000)
 ParOldGen       total 699392K, used 29358K [0x00000000c0000000, 0x00000000eab00000, 0x00000000eab00000)
  object space 699392K, 4% used [0x00000000c0000000,0x00000000c1cabbc0,0x00000000eab00000)
 Metaspace       used 48391K, capacity 49414K, committed 49792K, reserved 1093632K
  class space    used 5867K, capacity 6178K, committed 6272K, reserved 1048576K
Event: 18.496 GC heap after
Heap after GC invocations=9 (full 2):
 PSYoungGen      total 252416K, used 15271K [0x00000000eab00000, 0x0000000100000000, 0x0000000100000000)
  eden space 155648K, 0% used [0x00000000eab00000,0x00000000eab00000,0x00000000f4300000)
  from space 96768K, 15% used [0x00000000f4300000,0x00000000f51e9d20,0x00000000fa180000)
  to   space 95232K, 0% used [0x00000000fa300000,0x00000000fa300000,0x0000000100000000)
 ParOldGen       total 699392K, used 29366K [0x00000000c0000000, 0x00000000eab00000, 0x00000000eab00000)
  object space 699392K, 4% used [0x00000000c0000000,0x00000000c1cadbc0,0x00000000eab00000)
 Metaspace       used 48391K, capacity 49414K, committed 49792K, reserved 1093632K
  class space    used 5867K, capacity 6178K, committed 6272K, reserved 1048576K
}

